app/build/intermediates/manifest_merge_blame_file/debug/manifest-merger-blame-debug-report.txt
1<?xml version="1.0" encoding="utf-8"?>
2<manifest xmlns:android="http://schemas.android.com/apk/res/android"
3    package="com.example.dishwasherapp"
4    android:versionCode="1"
5    android:versionName="1.0" >
6
7    <uses-sdk
8        android:minSdkVersion="24"
8-->src/main/AndroidManifest.xml
9        android:targetSdkVersion="33" />
9-->src/main/AndroidManifest.xml
10
11    <permission
11-->[androidx.core:core:1.10.1] AndroidManifest.xml:22:5-24:47
12        android:name="com.example.dishwasherapp.DYNAMIC_RECEIVER_NOT_EXPORTED_PERMISSION"
12-->[androidx.core:core:1.10.1] AndroidManifest.xml:23:9-81
13        android:protectionLevel="signature" />
13-->[androidx.core:core:1.10.1] AndroidManifest.xml:24:9-44
14
15    <uses-permission android:name="com.example.dishwasherapp.DYNAMIC_RECEIVER_NOT_EXPORTED_PERMISSION" /> <!-- To store the heap dumps and leak analysis results. -->
15-->[androidx.core:core:1.10.1] AndroidManifest.xml:26:5-97
15-->[androidx.core:core:1.10.1] AndroidManifest.xml:26:22-94
16    <uses-permission android:name="android.permission.READ_EXTERNAL_STORAGE" />
16-->[com.squareup.leakcanary:leakcanary-android-core:2.11] AndroidManifest.xml:25:5-80
16-->[com.squareup.leakcanary:leakcanary-android-core:2.11] AndroidManifest.xml:25:22-77
17    <uses-permission android:name="android.permission.WRITE_EXTERNAL_STORAGE" /> <!-- To allow posting notifications on Android 13 -->
17-->[com.squareup.leakcanary:leakcanary-android-core:2.11] AndroidManifest.xml:26:5-81
17-->[com.squareup.leakcanary:leakcanary-android-core:2.11] AndroidManifest.xml:26:22-78
18    <uses-permission android:name="android.permission.POST_NOTIFICATIONS" />
18-->[com.squareup.leakcanary:leakcanary-android-core:2.11] AndroidManifest.xml:29:5-77
18-->[com.squareup.leakcanary:leakcanary-android-core:2.11] AndroidManifest.xml:29:22-74
19
20    <application
20-->src/main/AndroidManifest.xml:4:5-20:19
21        android:name="com.example.dishwasherapp.App"
21-->src/main/AndroidManifest.xml:10:9-28
22        android:allowBackup="true"
22-->src/main/AndroidManifest.xml:5:9-35
23        android:appComponentFactory="androidx.core.app.CoreComponentFactory"
23-->[androidx.core:core:1.10.1] AndroidManifest.xml:28:18-86
24        android:debuggable="true"
25        android:extractNativeLibs="false"
26        android:icon="@mipmap/ic_launcher"
26-->src/main/AndroidManifest.xml:6:9-43
27        android:label="@string/app_name"
27-->src/main/AndroidManifest.xml:7:9-41
28        android:roundIcon="@mipmap/ic_launcher_round"
28-->src/main/AndroidManifest.xml:8:9-54
29        android:supportsRtl="true"
29-->src/main/AndroidManifest.xml:9:9-35
30        android:theme="@style/Theme.DeveloperTest" >
30-->src/main/AndroidManifest.xml:11:9-51
31        <activity
31-->src/main/AndroidManifest.xml:12:9-19:20
32            android:name="com.example.dishwasherapp.ui.compose.MainComposeActivity"
32-->src/main/AndroidManifest.xml:12:19-65
33            android:exported="true" >
33-->src/main/AndroidManifest.xml:13:13-36
34            <intent-filter>
34-->src/main/AndroidManifest.xml:14:13-18:29
35                <action android:name="android.intent.action.MAIN" />
35-->src/main/AndroidManifest.xml:15:17-69
35-->src/main/AndroidManifest.xml:15:25-66
36
37                <category android:name="android.intent.category.LAUNCHER" />
37-->src/main/AndroidManifest.xml:17:17-77
37-->src/main/AndroidManifest.xml:17:27-74
38            </intent-filter>
39        </activity>
40        <activity
40-->[androidx.compose.ui:ui-tooling:1.4.3] AndroidManifest.xml:23:9-25:39
41            android:name="androidx.compose.ui.tooling.PreviewActivity"
41-->[androidx.compose.ui:ui-tooling:1.4.3] AndroidManifest.xml:24:13-71
42            android:exported="true" />
42-->[androidx.compose.ui:ui-tooling:1.4.3] AndroidManifest.xml:25:13-36
43
44        <provider
44-->[androidx.emoji2:emoji2:1.3.0] AndroidManifest.xml:24:9-32:20
45            android:name="androidx.startup.InitializationProvider"
45-->[androidx.emoji2:emoji2:1.3.0] AndroidManifest.xml:25:13-67
46            android:authorities="com.example.dishwasherapp.androidx-startup"
46-->[androidx.emoji2:emoji2:1.3.0] AndroidManifest.xml:26:13-68
47            android:exported="false" >
47-->[androidx.emoji2:emoji2:1.3.0] AndroidManifest.xml:27:13-37
48            <meta-data
48-->[androidx.emoji2:emoji2:1.3.0] AndroidManifest.xml:29:13-31:52
49                android:name="androidx.emoji2.text.EmojiCompatInitializer"
49-->[androidx.emoji2:emoji2:1.3.0] AndroidManifest.xml:30:17-75
50                android:value="androidx.startup" />
50-->[androidx.emoji2:emoji2:1.3.0] AndroidManifest.xml:31:17-49
51            <meta-data
51-->[androidx.lifecycle:lifecycle-process:2.6.1] AndroidManifest.xml:29:13-31:52
52                android:name="androidx.lifecycle.ProcessLifecycleInitializer"
52-->[androidx.lifecycle:lifecycle-process:2.6.1] AndroidManifest.xml:30:17-78
53                android:value="androidx.startup" />
53-->[androidx.lifecycle:lifecycle-process:2.6.1] AndroidManifest.xml:31:17-49
54            <meta-data
54-->[androidx.profileinstaller:profileinstaller:1.3.1] AndroidManifest.xml:29:13-31:52
55                android:name="androidx.profileinstaller.ProfileInstallerInitializer"
55-->[androidx.profileinstaller:profileinstaller:1.3.1] AndroidManifest.xml:30:17-85
56                android:value="androidx.startup" />
56-->[androidx.profileinstaller:profileinstaller:1.3.1] AndroidManifest.xml:31:17-49
57        </provider>
58
59        <uses-library
59-->[androidx.window:window:1.0.0] AndroidManifest.xml:25:9-27:40
60            android:name="androidx.window.extensions"
60-->[androidx.window:window:1.0.0] AndroidManifest.xml:26:13-54
61            android:required="false" />
61-->[androidx.window:window:1.0.0] AndroidManifest.xml:27:13-37
62        <uses-library
62-->[androidx.window:window:1.0.0] AndroidManifest.xml:28:9-30:40
63            android:name="androidx.window.sidecar"
63-->[androidx.window:window:1.0.0] AndroidManifest.xml:29:13-51
64            android:required="false" />
64-->[androidx.window:window:1.0.0] AndroidManifest.xml:30:13-37
65
66        <service
66-->[androidx.room:room-runtime:2.5.1] AndroidManifest.xml:24:9-28:63
67            android:name="androidx.room.MultiInstanceInvalidationService"
67-->[androidx.room:room-runtime:2.5.1] AndroidManifest.xml:25:13-74
68            android:directBootAware="true"
68-->[androidx.room:room-runtime:2.5.1] AndroidManifest.xml:26:13-43
69            android:exported="false" />
69-->[androidx.room:room-runtime:2.5.1] AndroidManifest.xml:27:13-37
70
71        <provider
71-->[com.squareup.leakcanary:leakcanary-android-core:2.11] AndroidManifest.xml:32:9-40:20
72            android:name="leakcanary.internal.LeakCanaryFileProvider"
72-->[com.squareup.leakcanary:leakcanary-android-core:2.11] AndroidManifest.xml:33:13-70
73            android:authorities="com.squareup.leakcanary.fileprovider.com.example.dishwasherapp"
73-->[com.squareup.leakcanary:leakcanary-android-core:2.11] AndroidManifest.xml:34:13-88
74            android:exported="false"
74-->[com.squareup.leakcanary:leakcanary-android-core:2.11] AndroidManifest.xml:35:13-37
75            android:grantUriPermissions="true" >
75-->[com.squareup.leakcanary:leakcanary-android-core:2.11] AndroidManifest.xml:36:13-47
76            <meta-data
76-->[com.squareup.leakcanary:leakcanary-android-core:2.11] AndroidManifest.xml:37:13-39:66
77                android:name="android.support.FILE_PROVIDER_PATHS"
77-->[com.squareup.leakcanary:leakcanary-android-core:2.11] AndroidManifest.xml:38:17-67
78                android:resource="@xml/leak_canary_file_paths" />
78-->[com.squareup.leakcanary:leakcanary-android-core:2.11] AndroidManifest.xml:39:17-63
79        </provider>
80
81        <activity
81-->[com.squareup.leakcanary:leakcanary-android-core:2.11] AndroidManifest.xml:42:9-73:20
82            android:name="leakcanary.internal.activity.LeakActivity"
82-->[com.squareup.leakcanary:leakcanary-android-core:2.11] AndroidManifest.xml:43:13-69
83            android:exported="true"
83-->[com.squareup.leakcanary:leakcanary-android-core:2.11] AndroidManifest.xml:44:13-36
84            android:icon="@mipmap/leak_canary_icon"
84-->[com.squareup.leakcanary:leakcanary-android-core:2.11] AndroidManifest.xml:45:13-52
85            android:label="@string/leak_canary_display_activity_label"
85-->[com.squareup.leakcanary:leakcanary-android-core:2.11] AndroidManifest.xml:46:13-71
86            android:taskAffinity="com.squareup.leakcanary.com.example.dishwasherapp"
86-->[com.squareup.leakcanary:leakcanary-android-core:2.11] AndroidManifest.xml:47:13-76
87            android:theme="@style/leak_canary_LeakCanary.Base" >
87-->[com.squareup.leakcanary:leakcanary-android-core:2.11] AndroidManifest.xml:48:13-63
88            <intent-filter android:label="@string/leak_canary_import_hprof_file" >
88-->[com.squareup.leakcanary:leakcanary-android-core:2.11] AndroidManifest.xml:49:13-72:29
88-->[com.squareup.leakcanary:leakcanary-android-core:2.11] AndroidManifest.xml:49:28-81
89                <action android:name="android.intent.action.VIEW" />
89-->[com.squareup.leakcanary:leakcanary-android-core:2.11] AndroidManifest.xml:50:17-69
89-->[com.squareup.leakcanary:leakcanary-android-core:2.11] AndroidManifest.xml:50:25-66
90
91                <category android:name="android.intent.category.DEFAULT" />
91-->[com.squareup.leakcanary:leakcanary-android-core:2.11] AndroidManifest.xml:52:17-76
91-->[com.squareup.leakcanary:leakcanary-android-core:2.11] AndroidManifest.xml:52:27-73
92                <category android:name="android.intent.category.BROWSABLE" />
92-->[com.squareup.leakcanary:leakcanary-android-core:2.11] AndroidManifest.xml:53:17-78
92-->[com.squareup.leakcanary:leakcanary-android-core:2.11] AndroidManifest.xml:53:27-75
93
94                <data android:scheme="file" />
94-->[com.squareup.leakcanary:leakcanary-android-core:2.11] AndroidManifest.xml:55:17-47
94-->[com.squareup.leakcanary:leakcanary-android-core:2.11] AndroidManifest.xml:55:23-44
95                <data android:scheme="content" />
95-->[com.squareup.leakcanary:leakcanary-android-core:2.11] AndroidManifest.xml:55:17-47
95-->[com.squareup.leakcanary:leakcanary-android-core:2.11] AndroidManifest.xml:55:23-44
96                <data android:mimeType="*/*" />
96-->[com.squareup.leakcanary:leakcanary-android-core:2.11] AndroidManifest.xml:55:17-47
97                <data android:host="*" />
97-->[com.squareup.leakcanary:leakcanary-android-core:2.11] AndroidManifest.xml:55:17-47
98                <data android:pathPattern=".*\\.hprof" />
98-->[com.squareup.leakcanary:leakcanary-android-core:2.11] AndroidManifest.xml:55:17-47
99                <data android:pathPattern=".*\\..*\\.hprof" />
99-->[com.squareup.leakcanary:leakcanary-android-core:2.11] AndroidManifest.xml:55:17-47
100                <data android:pathPattern=".*\\..*\\..*\\.hprof" />
100-->[com.squareup.leakcanary:leakcanary-android-core:2.11] AndroidManifest.xml:55:17-47
101                <data android:pathPattern=".*\\..*\\..*\\..*\\.hprof" />
101-->[com.squareup.leakcanary:leakcanary-android-core:2.11] AndroidManifest.xml:55:17-47
102                <data android:pathPattern=".*\\..*\\..*\\..*\\..*\\.hprof" />
102-->[com.squareup.leakcanary:leakcanary-android-core:2.11] AndroidManifest.xml:55:17-47
103                <data android:pathPattern=".*\\..*\\..*\\..*\\..*\\..*\\.hprof" />
103-->[com.squareup.leakcanary:leakcanary-android-core:2.11] AndroidManifest.xml:55:17-47
104                <data android:pathPattern=".*\\..*\\..*\\..*\\..*\\..*\\..*\\.hprof" />
104-->[com.squareup.leakcanary:leakcanary-android-core:2.11] AndroidManifest.xml:55:17-47
105                <!--
106            Since hprof isn't a standard MIME type, we have to declare such patterns.
107            Most file providers will generate URIs including their own package name,
108            which contains `.` characters that must be explicitly escaped in pathPattern.
109            @see https://stackoverflow.com/a/31028507/703646
110                -->
111            </intent-filter>
112        </activity>
113
114        <activity-alias
114-->[com.squareup.leakcanary:leakcanary-android-core:2.11] AndroidManifest.xml:75:9-92:26
115            android:name="leakcanary.internal.activity.LeakLauncherActivity"
115-->[com.squareup.leakcanary:leakcanary-android-core:2.11] AndroidManifest.xml:76:13-77
116            android:banner="@drawable/leak_canary_tv_icon"
116-->[com.squareup.leakcanary:leakcanary-android-core:2.11] AndroidManifest.xml:77:13-59
117            android:enabled="@bool/leak_canary_add_launcher_icon"
117-->[com.squareup.leakcanary:leakcanary-android-core:2.11] AndroidManifest.xml:78:13-66
118            android:exported="true"
118-->[com.squareup.leakcanary:leakcanary-android-core:2.11] AndroidManifest.xml:79:13-36
119            android:icon="@mipmap/leak_canary_icon"
119-->[com.squareup.leakcanary:leakcanary-android-core:2.11] AndroidManifest.xml:80:13-52
120            android:label="@string/leak_canary_display_activity_label"
120-->[com.squareup.leakcanary:leakcanary-android-core:2.11] AndroidManifest.xml:81:13-71
121            android:targetActivity="leakcanary.internal.activity.LeakActivity"
121-->[com.squareup.leakcanary:leakcanary-android-core:2.11] AndroidManifest.xml:82:13-79
122            android:taskAffinity="com.squareup.leakcanary.com.example.dishwasherapp"
122-->[com.squareup.leakcanary:leakcanary-android-core:2.11] AndroidManifest.xml:83:13-76
123            android:theme="@style/leak_canary_LeakCanary.Base" >
123-->[com.squareup.leakcanary:leakcanary-android-core:2.11] AndroidManifest.xml:84:13-63
124            <intent-filter>
124-->[com.squareup.leakcanary:leakcanary-android-core:2.11] AndroidManifest.xml:85:13-91:29
125                <action android:name="android.intent.action.MAIN" />
125-->src/main/AndroidManifest.xml:15:17-69
125-->src/main/AndroidManifest.xml:15:25-66
126
127                <category android:name="android.intent.category.LAUNCHER" />
127-->src/main/AndroidManifest.xml:17:17-77
127-->src/main/AndroidManifest.xml:17:27-74
128                <!-- Android TV launcher intent -->
129                <category android:name="android.intent.category.LEANBACK_LAUNCHER" />
129-->[com.squareup.leakcanary:leakcanary-android-core:2.11] AndroidManifest.xml:90:17-86
129-->[com.squareup.leakcanary:leakcanary-android-core:2.11] AndroidManifest.xml:90:27-83
130            </intent-filter>
131        </activity-alias>
132
133        <activity
133-->[com.squareup.leakcanary:leakcanary-android-core:2.11] AndroidManifest.xml:94:9-100:68
134            android:name="leakcanary.internal.RequestPermissionActivity"
134-->[com.squareup.leakcanary:leakcanary-android-core:2.11] AndroidManifest.xml:95:13-73
135            android:excludeFromRecents="true"
135-->[com.squareup.leakcanary:leakcanary-android-core:2.11] AndroidManifest.xml:96:13-46
136            android:icon="@mipmap/leak_canary_icon"
136-->[com.squareup.leakcanary:leakcanary-android-core:2.11] AndroidManifest.xml:97:13-52
137            android:label="@string/leak_canary_storage_permission_activity_label"
137-->[com.squareup.leakcanary:leakcanary-android-core:2.11] AndroidManifest.xml:98:13-82
138            android:taskAffinity="com.squareup.leakcanary.com.example.dishwasherapp"
138-->[com.squareup.leakcanary:leakcanary-android-core:2.11] AndroidManifest.xml:99:13-76
139            android:theme="@style/leak_canary_Theme.Transparent" />
139-->[com.squareup.leakcanary:leakcanary-android-core:2.11] AndroidManifest.xml:100:13-65
140
141        <receiver android:name="leakcanary.internal.NotificationReceiver" />
141-->[com.squareup.leakcanary:leakcanary-android-core:2.11] AndroidManifest.xml:102:9-77
141-->[com.squareup.leakcanary:leakcanary-android-core:2.11] AndroidManifest.xml:102:19-74
142
143        <provider
143-->[com.squareup.leakcanary:leakcanary-object-watcher-android:2.11] AndroidManifest.xml:8:9-12:40
144            android:name="leakcanary.internal.MainProcessAppWatcherInstaller"
144-->[com.squareup.leakcanary:leakcanary-object-watcher-android:2.11] AndroidManifest.xml:9:13-78
145            android:authorities="com.example.dishwasherapp.leakcanary-installer"
145-->[com.squareup.leakcanary:leakcanary-object-watcher-android:2.11] AndroidManifest.xml:10:13-72
146            android:enabled="@bool/leak_canary_watcher_auto_install"
146-->[com.squareup.leakcanary:leakcanary-object-watcher-android:2.11] AndroidManifest.xml:11:13-69
147            android:exported="false" />
147-->[com.squareup.leakcanary:leakcanary-object-watcher-android:2.11] AndroidManifest.xml:12:13-37
148        <provider
148-->[com.squareup.leakcanary:plumber-android:2.11] AndroidManifest.xml:8:9-12:40
149            android:name="leakcanary.internal.PlumberInstaller"
149-->[com.squareup.leakcanary:plumber-android:2.11] AndroidManifest.xml:9:13-64
150            android:authorities="com.example.dishwasherapp.plumber-installer"
150-->[com.squareup.leakcanary:plumber-android:2.11] AndroidManifest.xml:10:13-69
151            android:enabled="@bool/leak_canary_plumber_auto_install"
151-->[com.squareup.leakcanary:plumber-android:2.11] AndroidManifest.xml:11:13-69
152            android:exported="false" />
152-->[com.squareup.leakcanary:plumber-android:2.11] AndroidManifest.xml:12:13-37
153
154        <receiver
154-->[androidx.profileinstaller:profileinstaller:1.3.1] AndroidManifest.xml:34:9-52:20
155            android:name="androidx.profileinstaller.ProfileInstallReceiver"
155-->[androidx.profileinstaller:profileinstaller:1.3.1] AndroidManifest.xml:35:13-76
156            android:directBootAware="false"
156-->[androidx.profileinstaller:profileinstaller:1.3.1] AndroidManifest.xml:36:13-44
157            android:enabled="true"
157-->[androidx.profileinstaller:profileinstaller:1.3.1] AndroidManifest.xml:37:13-35
158            android:exported="true"
158-->[androidx.profileinstaller:profileinstaller:1.3.1] AndroidManifest.xml:38:13-36
159            android:permission="android.permission.DUMP" >
159-->[androidx.profileinstaller:profileinstaller:1.3.1] AndroidManifest.xml:39:13-57
160            <intent-filter>
160-->[androidx.profileinstaller:profileinstaller:1.3.1] AndroidManifest.xml:40:13-42:29
161                <action android:name="androidx.profileinstaller.action.INSTALL_PROFILE" />
161-->[androidx.profileinstaller:profileinstaller:1.3.1] AndroidManifest.xml:41:17-91
161-->[androidx.profileinstaller:profileinstaller:1.3.1] AndroidManifest.xml:41:25-88
162            </intent-filter>
163            <intent-filter>
163-->[androidx.profileinstaller:profileinstaller:1.3.1] AndroidManifest.xml:43:13-45:29
164                <action android:name="androidx.profileinstaller.action.SKIP_FILE" />
164-->[androidx.profileinstaller:profileinstaller:1.3.1] AndroidManifest.xml:44:17-85
164-->[androidx.profileinstaller:profileinstaller:1.3.1] AndroidManifest.xml:44:25-82
165            </intent-filter>
166            <intent-filter>
166-->[androidx.profileinstaller:profileinstaller:1.3.1] AndroidManifest.xml:46:13-48:29
167                <action android:name="androidx.profileinstaller.action.SAVE_PROFILE" />
167-->[androidx.profileinstaller:profileinstaller:1.3.1] AndroidManifest.xml:47:17-88
167-->[androidx.profileinstaller:profileinstaller:1.3.1] AndroidManifest.xml:47:25-85
168            </intent-filter>
169            <intent-filter>
169-->[androidx.profileinstaller:profileinstaller:1.3.1] AndroidManifest.xml:49:13-51:29
170                <action android:name="androidx.profileinstaller.action.BENCHMARK_OPERATION" />
170-->[androidx.profileinstaller:profileinstaller:1.3.1] AndroidManifest.xml:50:17-95
170-->[androidx.profileinstaller:profileinstaller:1.3.1] AndroidManifest.xml:50:25-92
171            </intent-filter>
172        </receiver>
173    </application>
174
175</manifest>